<?xml version="1.0" encoding="UTF-8"?>
<!-- Generated by org.testng.reporters.JUnitXMLReporter -->
<testsuite ignored="2" hostname="BDC6-L-FCY7FL3" failures="0" tests="2" name="GRP-bvt" time="0.042" errors="0" timestamp="2022-04-12T16:13:31 IST">
  <testcase classname="ui.groupdemotesting" name="atest3" time="0.009"/>
  <testcase classname="ui.groupdemotesting" name="atest4" time="0.001"/>
  <testcase classname="ui.groupdemotesting" name="btest1" time="0.0">
    <ignored/>
  </testcase> <!-- btest1 -->
  <testcase classname="ui.groupdemotesting" name="atest2" time="0.0">
    <ignored/>
  </testcase> <!-- atest2 -->
</testsuite> <!-- GRP-bvt -->
