<?xml version="1.0" encoding="UTF-8"?>
<!-- Generated by org.testng.reporters.JUnitXMLReporter -->
<testsuite ignored="2" hostname="BDC6-L-FCY7FL3" failures="0" tests="4" name="GRP-regression" time="0.053" errors="0" timestamp="2022-04-13T11:29:05 IST">
  <testcase classname="ui.LoginTest" name="bloginTest" time="0.004"/>
  <testcase classname="ui.groupdemotesting" name="atest3" time="0.002"/>
  <testcase classname="ui.groupdemotesting" name="btest1" time="0.001"/>
  <testcase classname="ui.groupdemotesting" name="atest2" time="0.001"/>
  <testcase classname="ui.groupdemotesting" name="atest4" time="0.0">
    <ignored/>
  </testcase> <!-- atest4 -->
  <testcase classname="ui.LoginTest" name="alogout" time="0.0">
    <ignored/>
  </testcase> <!-- alogout -->
</testsuite> <!-- GRP-regression -->
