<?xml version="1.0" encoding="UTF-8"?>
<!-- Generated by org.testng.reporters.JUnitXMLReporter -->
<testsuite ignored="2" hostname="BDC6-L-FCY7FL3" failures="0" tests="4" name="Regression" time="0.012" errors="0" timestamp="2022-04-12T19:43:27 IST">
  <testcase classname="ui.groupdemotesting" name="atest3" time="0.001"/>
  <testcase classname="ui.groupdemotesting" name="btest1" time="0.001"/>
  <testcase classname="ui.groupdemotesting" name="atest2" time="0.001"/>
  <testcase classname="ui.LoginTest" name="bloginTest" time="0.001"/>
  <testcase classname="ui.groupdemotesting" name="atest4" time="0.0">
    <ignored/>
  </testcase> <!-- atest4 -->
  <testcase classname="ui.LoginTest" name="alogout" time="0.0">
    <ignored/>
  </testcase> <!-- alogout -->
</testsuite> <!-- Regression -->
