<?xml version="1.0" encoding="UTF-8"?>
<testng-results ignored="0" total="3" passed="3" failed="0" skipped="0">
  <reporter-output>
  </reporter-output>
  <suite started-at="2022-08-25T13:22:27 IST" name="Default suite" finished-at="2022-08-25T13:23:12 IST" duration-ms="45217">
    <groups>
    </groups>
    <test started-at="2022-08-25T13:22:27 IST" name="Default test" finished-at="2022-08-25T13:23:12 IST" duration-ms="45217">
      <class name="com.dataproviderdemo.DataProvidderdemo5">
        <test-method signature="dataexceldemo(java.lang.String,java.lang.String)[pri:0, instance:com.dataproviderdemo.DataProvidderdemo5@7fa98a66]" started-at="2022-08-25T13:22:28 IST" name="dataexceldemo" data-provider="getdata" finished-at="2022-08-25T13:22:47 IST" duration-ms="18910" status="PASS">
          <params>
            <param index="0">
              <value>
                <![CDATA[Admin]]>
              </value>
            </param>
            <param index="1">
              <value>
                <![CDATA[123]]>
              </value>
            </param>
          </params>
          <reporter-output>
          </reporter-output>
        </test-method> <!-- dataexceldemo -->
        <test-method signature="dataexceldemo(java.lang.String,java.lang.String)[pri:0, instance:com.dataproviderdemo.DataProvidderdemo5@7fa98a66]" started-at="2022-08-25T13:22:47 IST" name="dataexceldemo" data-provider="getdata" finished-at="2022-08-25T13:22:58 IST" duration-ms="11045" status="PASS">
          <params>
            <param index="0">
              <value>
                <![CDATA[Test]]>
              </value>
            </param>
            <param index="1">
              <value>
                <![CDATA[Test123]]>
              </value>
            </param>
          </params>
          <reporter-output>
          </reporter-output>
        </test-method> <!-- dataexceldemo -->
        <test-method signature="dataexceldemo(java.lang.String,java.lang.String)[pri:0, instance:com.dataproviderdemo.DataProvidderdemo5@7fa98a66]" started-at="2022-08-25T13:22:58 IST" name="dataexceldemo" data-provider="getdata" finished-at="2022-08-25T13:23:12 IST" duration-ms="14555" status="PASS">
          <params>
            <param index="0">
              <value>
                <![CDATA[Prod]]>
              </value>
            </param>
            <param index="1">
              <value>
                <![CDATA[Prod123]]>
              </value>
            </param>
          </params>
          <reporter-output>
          </reporter-output>
        </test-method> <!-- dataexceldemo -->
      </class> <!-- com.dataproviderdemo.DataProvidderdemo5 -->
    </test> <!-- Default test -->
  </suite> <!-- Default suite -->
</testng-results>
