<?xml version="1.0" encoding="UTF-8"?>
<!-- Generated by org.testng.reporters.JUnitXMLReporter -->
<testsuite ignored="0" hostname="BDC6-L-FCY7FL3" failures="0" tests="1" name="Listener Testing" time="0.033" errors="0" timestamp="2022-05-05T00:20:51 IST">
  <testcase classname="common.basetest" name="@BeforeSuite lunchbrowser" time="42.806">
    <failure type="io.github.bonigarcia.wdm.config.WebDriverManagerException" message="org.apache.hc.client5.http.HttpHostConnectException: Connect to https://api.github.com:443 [api.github.com/140.82.112.5] failed: Connection timed out: no further information">
      <![CDATA[io.github.bonigarcia.wdm.config.WebDriverManagerException: org.apache.hc.client5.http.HttpHostConnectException: Connect to https://api.github.com:443 [api.github.com/140.82.112.5] failed: Connection timed out: no further information
at io.github.bonigarcia.wdm.WebDriverManager.handleException(WebDriverManager.java:802)
at io.github.bonigarcia.wdm.WebDriverManager.manage(WebDriverManager.java:593)
at io.github.bonigarcia.wdm.WebDriverManager.fallback(WebDriverManager.java:818)
at io.github.bonigarcia.wdm.WebDriverManager.handleException(WebDriverManager.java:795)
at io.github.bonigarcia.wdm.WebDriverManager.manage(WebDriverManager.java:593)
at io.github.bonigarcia.wdm.WebDriverManager.setup(WebDriverManager.java:286)
at common.basetest.lunchbrowser(basetest.java:17)
Caused by: org.apache.hc.client5.http.HttpHostConnectException: Connect to https://api.github.com:443 [api.github.com/140.82.112.5] failed: Connection timed out: no further information
at java.base/sun.nio.ch.Net.pollConnect(Native Method)
at java.base/sun.nio.ch.Net.pollConnectNow(Net.java:672)
at java.base/sun.nio.ch.NioSocketImpl.timedFinishConnect(NioSocketImpl.java:549)
at java.base/sun.nio.ch.NioSocketImpl.connect(NioSocketImpl.java:597)
at java.base/java.net.SocksSocketImpl.connect(SocksSocketImpl.java:327)
at java.base/java.net.Socket.connect(Socket.java:633)
at org.apache.hc.client5.http.ssl.SSLConnectionSocketFactory$1.run(SSLConnectionSocketFactory.java:219)
at java.base/java.security.AccessController.doPrivileged(AccessController.java:569)
at org.apache.hc.client5.http.ssl.SSLConnectionSocketFactory.connectSocket(SSLConnectionSocketFactory.java:216)
at org.apache.hc.client5.http.impl.io.DefaultHttpClientConnectionOperator.connect(DefaultHttpClientConnectionOperator.java:148)
at org.apache.hc.client5.http.impl.io.PoolingHttpClientConnectionManager.connect(PoolingHttpClientConnectionManager.java:409)
at org.apache.hc.client5.http.impl.classic.InternalExecRuntime.connectEndpoint(InternalExecRuntime.java:164)
at org.apache.hc.client5.http.impl.classic.InternalExecRuntime.connectEndpoint(InternalExecRuntime.java:174)
at org.apache.hc.client5.http.impl.classic.ConnectExec.execute(ConnectExec.java:135)
at org.apache.hc.client5.http.impl.classic.ExecChainElement.execute(ExecChainElement.java:51)
at org.apache.hc.client5.http.impl.classic.ExecChainElement$1.proceed(ExecChainElement.java:57)
at org.apache.hc.client5.http.impl.classic.ProtocolExec.execute(ProtocolExec.java:172)
at org.apache.hc.client5.http.impl.classic.ExecChainElement.execute(ExecChainElement.java:51)
at org.apache.hc.client5.http.impl.classic.ExecChainElement$1.proceed(ExecChainElement.java:57)
at org.apache.hc.client5.http.impl.classic.HttpRequestRetryExec.execute(HttpRequestRetryExec.java:93)
at org.apache.hc.client5.http.impl.classic.ExecChainElement.execute(ExecChainElement.java:51)
at org.apache.hc.client5.http.impl.classic.ExecChainElement$1.proceed(ExecChainElement.java:57)
at org.apache.hc.client5.http.impl.classic.ContentCompressionExec.execute(ContentCompressionExec.java:128)
at org.apache.hc.client5.http.impl.classic.ExecChainElement.execute(ExecChainElement.java:51)
at org.apache.hc.client5.http.impl.classic.ExecChainElement$1.proceed(ExecChainElement.java:57)
at org.apache.hc.client5.http.impl.classic.RedirectExec.execute(RedirectExec.java:116)
at org.apache.hc.client5.http.impl.classic.ExecChainElement.execute(ExecChainElement.java:51)
at org.apache.hc.client5.http.impl.classic.InternalHttpClient.doExecute(InternalHttpClient.java:178)
at org.apache.hc.client5.http.impl.classic.CloseableHttpClient.execute(CloseableHttpClient.java:75)
at org.apache.hc.client5.http.impl.classic.CloseableHttpClient.execute(CloseableHttpClient.java:89)
at io.github.bonigarcia.wdm.online.HttpClient.execute(HttpClient.java:139)
at io.github.bonigarcia.wdm.WebDriverManager.openGitHubConnection(WebDriverManager.java:977)
at io.github.bonigarcia.wdm.WebDriverManager.getDriversFromGitHub(WebDriverManager.java:991)
at io.github.bonigarcia.wdm.managers.FirefoxDriverManager.getDriverUrls(FirefoxDriverManager.java:90)
at io.github.bonigarcia.wdm.WebDriverManager.createUrlHandler(WebDriverManager.java:823)
at io.github.bonigarcia.wdm.WebDriverManager.download(WebDriverManager.java:670)
at io.github.bonigarcia.wdm.WebDriverManager.manage(WebDriverManager.java:587)
... 24 more
... Removed 19 stack frames]]>
    </failure>
  </testcase> <!-- @BeforeSuite lunchbrowser -->
  <testcase classname="ui.listernerdemotest" name="lunchapp" time="0.0">
    <skipped/>
  </testcase> <!-- lunchapp -->
</testsuite> <!-- Listener Testing -->
