<?xml version="1.0" encoding="UTF-8"?>
<!-- Generated by org.testng.reporters.JUnitXMLReporter -->
<testsuite ignored="0" hostname="BDC6-L-FCY7FL3" failures="0" tests="6" name="Regression" time="0.058" errors="0" timestamp="2022-04-12T16:30:25 IST">
  <testcase classname="ui.groupdemotesting" name="atest3" time="0.006"/>
  <testcase classname="ui.groupdemotesting" name="atest4" time="0.001"/>
  <testcase classname="ui.groupdemotesting" name="btest1" time="0.001"/>
  <testcase classname="ui.groupdemotesting" name="atest2" time="0.001"/>
  <testcase classname="ui.LoginTest" name="bloginTest" time="0.001"/>
  <testcase classname="ui.LoginTest" name="alogout" time="0.002"/>
</testsuite> <!-- Regression -->
