<?xml version="1.0" encoding="UTF-8"?>
<!-- Generated by org.testng.reporters.JUnitXMLReporter -->
<testsuite ignored="0" hostname="BDC6-L-FCY7FL3" failures="0" tests="3" name="Default test" time="45.217" errors="0" timestamp="2022-08-25T13:23:12 IST">
  <testcase classname="com.dataproviderdemo.DataProvidderdemo5" name="dataexceldemo" time="18.91"/>
  <testcase classname="com.dataproviderdemo.DataProvidderdemo5" name="dataexceldemo" time="11.045"/>
  <testcase classname="com.dataproviderdemo.DataProvidderdemo5" name="dataexceldemo" time="14.555"/>
</testsuite> <!-- Default test -->
