<?xml version="1.0" encoding="UTF-8"?>
<!-- Generated by org.testng.reporters.JUnitXMLReporter -->
<testsuite ignored="0" hostname="BDC6-L-FCY7FL3" failures="1" tests="4" name="Reading browser details from testng XML" time="0.035" errors="0" timestamp="2022-04-13T17:14:13 IST">
  <testcase classname="ui.groupdemotesting" name="atest3" time="0.004"/>
  <testcase classname="ui.groupdemotesting" name="atest4" time="0.001"/>
  <testcase classname="ui.groupdemotesting" name="btest1" time="0.001"/>
  <testcase classname="ui.groupdemotesting" name="atest2" time="0.003">
    <failure type="java.lang.AssertionError" message="expected [true] but found [false]">
      <![CDATA[java.lang.AssertionError: expected [true] but found [false]
at ui.groupdemotesting.atest2(groupdemotesting.java:52)
at java.base/java.util.ArrayList.forEach(ArrayList.java:1511)
... Removed 31 stack frames]]>
    </failure>
  </testcase> <!-- atest2 -->
</testsuite> <!-- Reading browser details from testng XML -->
