<?xml version="1.0" encoding="UTF-8"?>
<!-- Generated by org.testng.reporters.JUnitXMLReporter -->
<testsuite ignored="1" hostname="BDC6-L-FCY7FL3" failures="1" tests="1" name="Facebook" time="16.439" errors="0" timestamp="2022-08-19T23:34:47 IST">
  <testcase classname="com.extentreport.testclass" name="Testfacebook" time="9.174">
    <failure type="java.lang.AssertionError" message="The following asserts failed:
	the title is mismatched expected [Log in to Facebook123] but found [Facebook – log in or sign up],
	The URL is same did not expect [https://www.facebook.com/] but found [https://www.facebook.com/],
	The text is mismached expected [] but found [abcd@gm.com],
	The border is mismatched expected [1px solid rgb(240, 40, 73)] but found [0.666667px solid rgb(24, 119, 242)]">
      <![CDATA[java.lang.AssertionError: The following asserts failed:
the title is mismatched expected [Log in to Facebook123] but found [Facebook – log in or sign up],
The URL is same did not expect [https://www.facebook.com/] but found [https://www.facebook.com/],
The text is mismached expected [] but found [abcd@gm.com],
The border is mismatched expected [1px solid rgb(240, 40, 73)] but found [0.666667px solid rgb(24, 119, 242)]
at com.extentreport.testclass.Testfacebook(testclass.java:62)
at java.base/java.util.ArrayList.forEach(ArrayList.java:1511)
... Removed 29 stack frames]]>
    </failure>
  </testcase> <!-- Testfacebook -->
  <testcase classname="com.extentreport.testclass" name="testgoogle" time="0.0">
    <ignored/>
  </testcase> <!-- testgoogle -->
</testsuite> <!-- Facebook -->
