<?xml version="1.0" encoding="UTF-8"?>
<!-- Generated by org.testng.reporters.JUnitXMLReporter -->
<testsuite ignored="2" hostname="BDC6-L-FCY7FL3" failures="0" tests="2" name="GroupTest1" time="0.007" errors="0" timestamp="2022-08-17T17:55:21 IST">
  <testcase classname="com.grouptest.newtest2" name="Test4" time="0.001"/>
  <testcase classname="com.grouptest.newtest2" name="Test7" time="0.001"/>
  <testcase classname="com.grouptest.newtest2" name="Test5" time="0.0">
    <ignored/>
  </testcase> <!-- Test5 -->
  <testcase classname="com.grouptest.newtest2" name="Test6" time="0.0">
    <ignored/>
  </testcase> <!-- Test6 -->
</testsuite> <!-- GroupTest1 -->
