<?xml version="1.0" encoding="UTF-8"?>
<!-- Generated by org.testng.reporters.JUnitXMLReporter -->
<testsuite ignored="0" hostname="BDC6-L-FCY7FL3" failures="0" tests="3" name="GroupTest" time="0.068" errors="0" timestamp="2022-08-17T17:55:21 IST">
  <testcase classname="com.grouptest.newtest1" name="Test1" time="0.011"/>
  <testcase classname="com.grouptest.newtest1" name="Test2" time="0.001"/>
  <testcase classname="com.grouptest.newtest1" name="Test3" time="0.001"/>
</testsuite> <!-- GroupTest -->
