<?xml version="1.0" encoding="UTF-8"?>
<!-- Generated by org.testng.reporters.JUnitXMLReporter -->
<testsuite ignored="0" hostname="BDC6-L-FCY7FL3" failures="0" tests="4" name="Test3" time="0.086" errors="0" timestamp="2022-08-18T23:08:23 IST">
  <testcase classname="com.parallelexecution.parallelexecutiondemo3" name="Test10" time="0.011"/>
  <testcase classname="com.parallelexecution.parallelexecutiondemo3" name="Test11" time="0.001"/>
  <testcase classname="com.parallelexecution.parallelexecutiondemo3" name="Test8" time="0.003"/>
  <testcase classname="com.parallelexecution.parallelexecutiondemo3" name="Test9" time="0.005"/>
</testsuite> <!-- Test3 -->
