<?xml version="1.0" encoding="UTF-8"?>
<!-- Generated by org.testng.reporters.JUnitXMLReporter -->
<testsuite ignored="2" hostname="BDC6-L-FCY7FL3" failures="1" tests="2" name="Test2" time="1.032" errors="0" timestamp="2022-08-19T11:58:15 IST">
  <testcase classname="com.listnersdemo.Testlistnersdemo1" name="test3" time="1.015">
    <failure type="org.testng.internal.thread.ThreadTimeoutException" message="Method com.listnersdemo.Testlistnersdemo1.test3() didn&amp;apos;t finish within the time-out 1000">
      <![CDATA[org.testng.internal.thread.ThreadTimeoutException: Method com.listnersdemo.Testlistnersdemo1.test3() didn't finish within the time-out 1000
at java.base/java.util.ArrayList.forEach(ArrayList.java:1511)
... Removed 24 stack frames]]>
    </failure>
  </testcase> <!-- test3 -->
  <testcase classname="com.listnersdemo.Testlistnersdemo1" name="test4" time="0.0">
    <skipped/>
  </testcase> <!-- test4 -->
  <testcase classname="com.listnersdemo.Testlistnersdemo1" name="test1" time="0.0">
    <ignored/>
  </testcase> <!-- test1 -->
  <testcase classname="com.listnersdemo.Testlistnersdemo1" name="test2" time="0.0">
    <ignored/>
  </testcase> <!-- test2 -->
</testsuite> <!-- Test2 -->
