<?xml version="1.0" encoding="UTF-8"?>
<!-- Generated by org.testng.reporters.JUnitXMLReporter -->
<testsuite ignored="1" hostname="BDC6-L-FCY7FL3" failures="0" tests="1" name="Test1" time="9.532" errors="0" timestamp="2022-08-19T13:27:43 IST">
  <testcase classname="com.capturingscreenshot.capturingscreenshotdemo" name="testgoogle" time="5.8"/>
  <testcase classname="com.capturingscreenshot.capturingscreenshotdemo" name="Testfacebook" time="0.0">
    <ignored/>
  </testcase> <!-- Testfacebook -->
</testsuite> <!-- Test1 -->
