<?xml version="1.0" encoding="UTF-8"?>
<!-- Generated by org.testng.reporters.JUnitXMLReporter -->
<testsuite ignored="1" hostname="BDC6-L-FCY7FL3" failures="1" tests="1" name="Test" time="15.111" errors="0" timestamp="2022-08-19T13:27:34 IST">
  <testcase classname="com.capturingscreenshot.capturingscreenshotdemo" name="Testfacebook" time="8.792">
    <failure type="java.lang.AssertionError" message="The following asserts failed:
	the title is mismatched expected [Log in to Facebook123] but found [Log in to Facebook]">
      <![CDATA[java.lang.AssertionError: The following asserts failed:
the title is mismatched expected [Log in to Facebook123] but found [Log in to Facebook]
at com.capturingscreenshot.capturingscreenshotdemo.Testfacebook(capturingscreenshotdemo.java:62)
at java.base/java.util.ArrayList.forEach(ArrayList.java:1511)
... Removed 29 stack frames]]>
    </failure>
  </testcase> <!-- Testfacebook -->
  <testcase classname="com.capturingscreenshot.capturingscreenshotdemo" name="testgoogle" time="0.0">
    <ignored/>
  </testcase> <!-- testgoogle -->
</testsuite> <!-- Test -->
