<?xml version="1.0" encoding="UTF-8"?>
<!-- Generated by org.testng.reporters.JUnitXMLReporter -->
<testsuite ignored="0" hostname="BDC6-L-FCY7FL3" failures="0" tests="4" name="Test Before suite After Suite" time="0.012" errors="0" timestamp="2022-04-13T12:10:39 IST">
  <testcase classname="ui.groupdemotesting2" name="atest3" time="0.0"/>
  <testcase classname="ui.groupdemotesting2" name="atest4" time="0.001"/>
  <testcase classname="ui.groupdemotesting2" name="btest1" time="0.001"/>
  <testcase classname="ui.groupdemotesting2" name="atest2" time="0.003"/>
</testsuite> <!-- Test Before suite After Suite -->
