<?xml version="1.0" encoding="UTF-8"?>
<!-- Generated by org.testng.reporters.JUnitXMLReporter -->
<testsuite ignored="5" hostname="BDC6-L-FCY7FL3" failures="0" tests="0" time="0.012" errors="0" timestamp="2022-08-17T16:44:54 IST">
  <testcase classname="com.test.demotest.ignoringdemo" name="Test3" time="0.0">
    <ignored/>
  </testcase> <!-- Test3 -->
  <testcase classname="com.test.demotest.ignoringdemo2" name="Test6" time="0.0">
    <ignored/>
  </testcase> <!-- Test6 -->
  <testcase classname="com.test.demotest.ignoringdemo" name="Test1" time="0.0">
    <ignored/>
  </testcase> <!-- Test1 -->
  <testcase classname="com.test.demotest.ignoringdemo2" name="Test4" time="0.0">
    <ignored/>
  </testcase> <!-- Test4 -->
  <testcase classname="com.test.demotest.ignoringdemo2" name="Test5" time="0.0">
    <ignored/>
  </testcase> <!-- Test5 -->
</testsuite>
