<?xml version="1.0" encoding="UTF-8"?>
<!-- Generated by org.testng.reporters.JUnitXMLReporter -->
<testsuite ignored="0" hostname="BDC6-L-FCY7FL3" failures="0" tests="6" name="OrangeHRMlogin" time="0.065" errors="0" timestamp="2022-08-17T16:29:49 IST">
  <testcase classname="com.test.demotest.ignoringdemo" name="Test1" time="0.009"/>
  <testcase classname="com.test.demotest.ignoringdemo" name="Test2" time="0.002"/>
  <testcase classname="com.test.demotest.ignoringdemo" name="Test3" time="0.001"/>
  <testcase classname="com.test.demotest.ignoringdemo2" name="Test4" time="0.002"/>
  <testcase classname="com.test.demotest.ignoringdemo2" name="Test5" time="0.001"/>
  <testcase classname="com.test.demotest.ignoringdemo2" name="Test6" time="0.001"/>
</testsuite> <!-- OrangeHRMlogin -->
