<?xml version="1.0" encoding="UTF-8"?>
<!-- Generated by org.testng.reporters.JUnitXMLReporter -->
<testsuite ignored="1" hostname="BDC6-L-FCY7FL3" failures="0" tests="1" name="testgoogle" time="10.401" errors="0" timestamp="2022-08-17T14:33:08 IST">
  <testcase classname="practicetestng.firstclass" name="testgoogle" time="10.401"/>
  <testcase classname="practicetestng.firstclass" name="Testfacebook" time="0.0">
    <ignored/>
  </testcase> <!-- Testfacebook -->
</testsuite> <!-- testgoogle -->
